<?xml version="1.0" encoding="UTF-8"?>
<testsuite xmlns:xsi="http://www.w3.org/2001/XMLSchema-instance" xsi:noNamespaceSchemaLocation="https://maven.apache.org/surefire/maven-surefire-plugin/xsd/surefire-test-report.xsd" name="Navigate to amazon.com" time="7.038" tests="1" errors="1" skipped="0" failures="0">
  <properties>
[...]
</properties>
  <testcase name="I want to Navigate to amazon.com" classname="Navigate to amazon.com" time="7.038">
    <error message="unknown error: cannot determine loading status&#10;from unknown error: cannot determine loading status&#10;from disconnected: Unable to receive message from renderer&#10;  (Session info: chrome=93.0.4577.63)&#10;Build info: version: &apos;3.141.59&apos;, revision: &apos;e82be7d358&apos;, time: &apos;2018-11-14T08:17:03&apos;&#10;System info: host: &apos;himas-MBP&apos;, ip: &apos;fe80:0:0:0:1038:36fd:26c9:1738%en0&apos;, os.name: &apos;Mac OS X&apos;, os.arch: &apos;x86_64&apos;, os.version: &apos;10.15.7&apos;, java.version: &apos;16.0.1&apos;&#10;Driver info: org.openqa.selenium.chrome.ChromeDriver&#10;Capabilities {acceptInsecureCerts: false, browserName: chrome, browserVersion: 93.0.4577.63, chrome: {chromedriverVersion: 92.0.4515.107 (87a818b10553..., userDataDir: /var/folders/xr/prx040jj1t9...}, goog:chromeOptions: {debuggerAddress: localhost:60004}, javascriptEnabled: true, networkConnectionEnabled: false, pageLoadStrategy: normal, platform: MAC, platformName: MAC, proxy: Proxy(), setWindowRect: true, strictFileInteractability: false, timeouts: {implicit: 0, pageLoad: 300000, script: 30000}, unhandledPromptBehavior: dismiss and notify, webauthn:extension:credBlob: true, webauthn:extension:largeBlob: true, webauthn:virtualAuthenticators: true}&#10;Session ID: edc86c5a02d7c5d55da804345e75f195" type="org.openqa.selenium.WebDriverException">org.openqa.selenium.WebDriverException: 
unknown error: cannot determine loading status
from unknown error: cannot determine loading status
from disconnected: Unable to receive message from renderer
  (Session info: chrome=93.0.4577.63)
Build info: version: '3.141.59', revision: 'e82be7d358', time: '2018-11-14T08:17:03'
System info: host: 'himas-MBP', ip: 'fe80:0:0:0:1038:36fd:26c9:1738%en0', os.name: 'Mac OS X', os.arch: 'x86_64', os.version: '10.15.7', java.version: '16.0.1'
Driver info: org.openqa.selenium.chrome.ChromeDriver
Capabilities {acceptInsecureCerts: false, browserName: chrome, browserVersion: 93.0.4577.63, chrome: {chromedriverVersion: 92.0.4515.107 (87a818b10553..., userDataDir: /var/folders/xr/prx040jj1t9...}, goog:chromeOptions: {debuggerAddress: localhost:60004}, javascriptEnabled: true, networkConnectionEnabled: false, pageLoadStrategy: normal, platform: MAC, platformName: MAC, proxy: Proxy(), setWindowRect: true, strictFileInteractability: false, timeouts: {implicit: 0, pageLoad: 300000, script: 30000}, unhandledPromptBehavior: dismiss and notify, webauthn:extension:credBlob: true, webauthn:extension:largeBlob: true, webauthn:virtualAuthenticators: true}
Session ID: edc86c5a02d7c5d55da804345e75f195
</error>
    <system-out><![CDATA[Feature: Navigate to google.com
  I want to Navigate to google.com

  Scenario: I want to Navigate to google.com                                   &amp#27;[90m# features/FeatureFile1.feature:4&amp#27;[0m
Opened the browser with URL: https://www.google.com/
    &amp#27;[32mGiven &amp#27;[0m&amp#27;[32mI open the browser and navigate to the URL &amp#27;[0m&amp#27;[32m&amp#27;[1m"https://www.google.com/"&amp#27;[0m &amp#27;[90m# StepDefs.i_open_the_browser_and_navigate_to_the_URL(String)&amp#27;[0m

Feature: Navigate to reddit.com
  I want to Navigate to reddit.com

  Scenario: I want to Navigate to reddit.com                                   &amp#27;[90m# features/FeatureFile2.feature:4&amp#27;[0m
Opened the browser with URL: https://www.reddit.com/
    &amp#27;[32mGiven &amp#27;[0m&amp#27;[32mI open the browser and navigate to the URL &amp#27;[0m&amp#27;[32m&amp#27;[1m"https://www.reddit.com/"&amp#27;[0m &amp#27;[90m# StepDefs.i_open_the_browser_and_navigate_to_the_URL(String)&amp#27;[0m

Feature: Navigate to youtube.com
  I want to Navigate to youtube.com

  Scenario: I want to Navigate to youtube.com                                   &amp#27;[90m# features/FeatureFile3.feature:4&amp#27;[0m
Opened the browser with URL: https://www.youtube.com/
    &amp#27;[32mGiven &amp#27;[0m&amp#27;[32mI open the browser and navigate to the URL &amp#27;[0m&amp#27;[32m&amp#27;[1m"https://www.youtube.com/"&amp#27;[0m &amp#27;[90m# StepDefs.i_open_the_browser_and_navigate_to_the_URL(String)&amp#27;[0m

Feature: Navigate to amazon.com
  I want to Navigate to amazon.com

  Scenario: I want to Navigate to amazon.com                                   &amp#27;[90m# features/FeatureFile4.feature:4&amp#27;[0m
    &amp#27;[31mGiven &amp#27;[0m&amp#27;[31mI open the browser and navigate to the URL &amp#27;[0m&amp#27;[31m&amp#27;[1m"https://www.amazon.com/"&amp#27;[0m &amp#27;[90m# StepDefs.i_open_the_browser_and_navigate_to_the_URL(String)&amp#27;[0m
      &amp#27;[31morg.openqa.selenium.WebDriverException: unknown error: cannot determine loading status
from unknown error: cannot determine loading status
from disconnected: Unable to receive message from renderer
  (Session info: chrome=93.0.4577.63)
Build info: version: '3.141.59', revision: 'e82be7d358', time: '2018-11-14T08:17:03'
System info: host: 'himas-MBP', ip: 'fe80:0:0:0:1038:36fd:26c9:1738%en0', os.name: 'Mac OS X', os.arch: 'x86_64', os.version: '10.15.7', java.version: '16.0.1'
Driver info: org.openqa.selenium.chrome.ChromeDriver
Capabilities {acceptInsecureCerts: false, browserName: chrome, browserVersion: 93.0.4577.63, chrome: {chromedriverVersion: 92.0.4515.107 (87a818b10553..., userDataDir: /var/folders/xr/prx040jj1t9...}, goog:chromeOptions: {debuggerAddress: localhost:60004}, javascriptEnabled: true, networkConnectionEnabled: false, pageLoadStrategy: normal, platform: MAC, platformName: MAC, proxy: Proxy(), setWindowRect: true, strictFileInteractability: false, timeouts: {implicit: 0, pageLoad: 300000, script: 30000}, unhandledPromptBehavior: dismiss and notify, webauthn:extension:credBlob: true, webauthn:extension:largeBlob: true, webauthn:virtualAuthenticators: true}
Session ID: edc86c5a02d7c5d55da804345e75f195
	at java.base/jdk.internal.reflect.NativeConstructorAccessorImpl.newInstance0(Native Method)
	at java.base/jdk.internal.reflect.NativeConstructorAccessorImpl.newInstance(NativeConstructorAccessorImpl.java:78)
	at java.base/jdk.internal.reflect.DelegatingConstructorAccessorImpl.newInstance(DelegatingConstructorAccessorImpl.java:45)
	at java.base/java.lang.reflect.Constructor.newInstanceWithCaller(Constructor.java:499)
	at java.base/java.lang.reflect.Constructor.newInstance(Constructor.java:480)
	at org.openqa.selenium.remote.http.W3CHttpResponseCodec.createException(W3CHttpResponseCodec.java:187)
	at org.openqa.selenium.remote.http.W3CHttpResponseCodec.decode(W3CHttpResponseCodec.java:122)
	at org.openqa.selenium.remote.http.W3CHttpResponseCodec.decode(W3CHttpResponseCodec.java:49)
	at org.openqa.selenium.remote.HttpCommandExecutor.execute(HttpCommandExecutor.java:158)
	at org.openqa.selenium.remote.service.DriverCommandExecutor.execute(DriverCommandExecutor.java:83)
	at org.openqa.selenium.remote.RemoteWebDriver.execute(RemoteWebDriver.java:552)
	at org.openqa.selenium.remote.RemoteWebDriver.get(RemoteWebDriver.java:277)
	at stepDefs.StepDefs.i_open_the_browser_and_navigate_to_the_URL(StepDefs.java:28)
	at ✽.I open the browser and navigate to the URL "https://www.amazon.com/"(features/FeatureFile4.feature:5)
&amp#27;[0m

&amp#27;[31mFailed scenarios:&amp#27;[0m
&amp#27;[31mfeatures/FeatureFile4.feature:4 &amp#27;[0m# I want to Navigate to amazon.com

4 Scenarios (&amp#27;[31m1 failed&amp#27;[0m, &amp#27;[32m3 passed&amp#27;[0m)
4 Steps (&amp#27;[31m1 failed&amp#27;[0m, &amp#27;[32m3 passed&amp#27;[0m)
0m36.259s

org.openqa.selenium.WebDriverException: unknown error: cannot determine loading status
from unknown error: cannot determine loading status
from disconnected: Unable to receive message from renderer
  (Session info: chrome=93.0.4577.63)
Build info: version: '3.141.59', revision: 'e82be7d358', time: '2018-11-14T08:17:03'
System info: host: 'himas-MBP', ip: 'fe80:0:0:0:1038:36fd:26c9:1738%en0', os.name: 'Mac OS X', os.arch: 'x86_64', os.version: '10.15.7', java.version: '16.0.1'
Driver info: org.openqa.selenium.chrome.ChromeDriver
Capabilities {acceptInsecureCerts: false, browserName: chrome, browserVersion: 93.0.4577.63, chrome: {chromedriverVersion: 92.0.4515.107 (87a818b10553..., userDataDir: /var/folders/xr/prx040jj1t9...}, goog:chromeOptions: {debuggerAddress: localhost:60004}, javascriptEnabled: true, networkConnectionEnabled: false, pageLoadStrategy: normal, platform: MAC, platformName: MAC, proxy: Proxy(), setWindowRect: true, strictFileInteractability: false, timeouts: {implicit: 0, pageLoad: 300000, script: 30000}, unhandledPromptBehavior: dismiss and notify, webauthn:extension:credBlob: true, webauthn:extension:largeBlob: true, webauthn:virtualAuthenticators: true}
Session ID: edc86c5a02d7c5d55da804345e75f195
	at java.base/jdk.internal.reflect.NativeConstructorAccessorImpl.newInstance0(Native Method)
	at java.base/jdk.internal.reflect.NativeConstructorAccessorImpl.newInstance(NativeConstructorAccessorImpl.java:78)
	at java.base/jdk.internal.reflect.DelegatingConstructorAccessorImpl.newInstance(DelegatingConstructorAccessorImpl.java:45)
	at java.base/java.lang.reflect.Constructor.newInstanceWithCaller(Constructor.java:499)
	at java.base/java.lang.reflect.Constructor.newInstance(Constructor.java:480)
	at org.openqa.selenium.remote.http.W3CHttpResponseCodec.createException(W3CHttpResponseCodec.java:187)
	at org.openqa.selenium.remote.http.W3CHttpResponseCodec.decode(W3CHttpResponseCodec.java:122)
	at org.openqa.selenium.remote.http.W3CHttpResponseCodec.decode(W3CHttpResponseCodec.java:49)
	at org.openqa.selenium.remote.HttpCommandExecutor.execute(HttpCommandExecutor.java:158)
	at org.openqa.selenium.remote.service.DriverCommandExecutor.execute(DriverCommandExecutor.java:83)
	at org.openqa.selenium.remote.RemoteWebDriver.execute(RemoteWebDriver.java:552)
	at org.openqa.selenium.remote.RemoteWebDriver.get(RemoteWebDriver.java:277)
	at stepDefs.StepDefs.i_open_the_browser_and_navigate_to_the_URL(StepDefs.java:28)
	at ✽.I open the browser and navigate to the URL "https://www.amazon.com/"(features/FeatureFile4.feature:5)

]]></system-out>
    <system-err><![CDATA[Starting ChromeDriver 92.0.4515.107 (87a818b10553a07434ea9e2b6dccf3cbe7895134-refs/branch-heads/4515@{#1634}) on port 9059
Only local connections are allowed.
Please see https://chromedriver.chromium.org/security-considerations for suggestions on keeping ChromeDriver safe.
ChromeDriver was started successfully.
[1631212369.410][WARNING]: This version of ChromeDriver has not been tested with Chrome version 93.
Sep 09, 2021 1:32:49 PM org.openqa.selenium.remote.ProtocolHandshake createSession
INFO: Detected dialect: W3C
[1631212370.281][SEVERE]: Unable to receive message from renderer
]]></system-err>
  </testcase>
</testsuite>